dropbox/DBRoulette/app/build/outputs/logs/manifest-merger-debug-report.txt
-- Merging decision tree log ---
manifest
ADDED from AndroidManifest.xml:2:1
	package
		ADDED from AndroidManifest.xml:3:7
		INJECTED from AndroidManifest.xml:0:0
		INJECTED from AndroidManifest.xml:0:0
	android:versionName
		ADDED from AndroidManifest.xml:5:7
	android:versionCode
		ADDED from AndroidManifest.xml:4:7
		INJECTED from AndroidManifest.xml:0:0
		INJECTED from AndroidManifest.xml:0:0
	xmlns:android
		ADDED from AndroidManifest.xml:2:11
uses-sdk
ADDED from AndroidManifest.xml:7:3
	android:targetSdkVersion
		ADDED from AndroidManifest.xml:7:40
	android:minSdkVersion
		ADDED from AndroidManifest.xml:7:13
		INJECTED from AndroidManifest.xml:0:0
		INJECTED from AndroidManifest.xml:0:0
uses-permission#android.permission.CAMERA
ADDED from AndroidManifest.xml:9:3
	android:name
		ADDED from AndroidManifest.xml:9:20
uses-feature#android.hardware.camera
ADDED from AndroidManifest.xml:10:3
	android:name
		ADDED from AndroidManifest.xml:10:17
uses-feature#android.hardware.camera.autofocus
ADDED from AndroidManifest.xml:11:3
	android:name
		ADDED from AndroidManifest.xml:11:17
uses-permission#android.permission.INTERNET
ADDED from AndroidManifest.xml:12:3
	android:name
		ADDED from AndroidManifest.xml:12:20
uses-permission#android.permission.WRITE_EXTERNAL_STORAGE
ADDED from AndroidManifest.xml:13:3
	android:name
		ADDED from AndroidManifest.xml:13:20
uses-permission#android.permission.READ_EXTERNAL_STORAGE
ADDED from AndroidManifest.xml:14:3
	android:name
		ADDED from AndroidManifest.xml:14:20
application
ADDED from AndroidManifest.xml:16:3
	android:label
		ADDED from AndroidManifest.xml:16:46
	android:icon
		ADDED from AndroidManifest.xml:16:16
activity#com.dropbox.android.sample.DBRoulette
ADDED from AndroidManifest.xml:17:5
	android:label
		ADDED from AndroidManifest.xml:19:7
	android:configChanges
		ADDED from AndroidManifest.xml:20:7
	android:name
		ADDED from AndroidManifest.xml:18:7
intent-filter#android.intent.action.MAIN+android.intent.category.LAUNCHER
ADDED from AndroidManifest.xml:21:7
action#android.intent.action.MAIN
ADDED from AndroidManifest.xml:22:9
	android:name
		ADDED from AndroidManifest.xml:22:17
category#android.intent.category.LAUNCHER
ADDED from AndroidManifest.xml:23:9
	android:name
		ADDED from AndroidManifest.xml:23:19
activity#com.dropbox.client2.android.AuthActivity
ADDED from AndroidManifest.xml:27:5
	android:launchMode
		ADDED from AndroidManifest.xml:29:7
	android:configChanges
		ADDED from AndroidManifest.xml:30:7
	android:name
		ADDED from AndroidManifest.xml:28:7
intent-filter#android.intent.action.VIEW+android.intent.category.BROWSABLE+android.intent.category.DEFAULT
ADDED from AndroidManifest.xml:31:7
data
ADDED from AndroidManifest.xml:33:9
	android:scheme
		ADDED from AndroidManifest.xml:33:15
action#android.intent.action.VIEW
ADDED from AndroidManifest.xml:34:9
	android:name
		ADDED from AndroidManifest.xml:34:17
category#android.intent.category.BROWSABLE
ADDED from AndroidManifest.xml:35:9
	android:name
		ADDED from AndroidManifest.xml:35:19
category#android.intent.category.DEFAULT
ADDED from AndroidManifest.xml:36:9
	android:name
		ADDED from AndroidManifest.xml:36:19